<?xml version="1.0" encoding="UTF-8"?>
<!-- Generated by org.testng.reporters.JUnitXMLReporter -->
<testsuite ignored="0" hostname="LAPTOP-OMC670BA" failures="0" tests="7" name="Default test" time="12.167" errors="0" timestamp="2023-04-03T15:34:13 IST">
  <testcase classname="org.test.PriorityChallenge" name="tc2" time="2.512"/>
  <testcase classname="org.test.PriorityChallenge" name="tc5" time="1.542"/>
  <testcase classname="org.test.PriorityChallenge" name="tc3" time="0.713"/>
  <testcase classname="org.test.PriorityChallenge" name="tc7" time="1.983"/>
  <testcase classname="org.test.PriorityChallenge" name="tc6" time="0.683"/>
  <testcase classname="org.test.PriorityChallenge" name="tc4" time="1.492"/>
  <testcase classname="org.test.PriorityChallenge" name="tc1" time="2.108"/>
</testsuite> <!-- Default test -->
