<?xml version="1.0" encoding="UTF-8"?>
<!-- Generated by org.testng.reporters.JUnitXMLReporter -->
<testsuite ignored="0" hostname="LAPTOP-OMC670BA" failures="0" tests="11" name="Test" time="18.389" errors="0" timestamp="2023-04-03T15:54:02 IST">
  <testcase classname="org.tes.PriorityChallenge" name="tc2" time="2.411"/>
  <testcase classname="org.tes.PriorityChallenge" name="tc5" time="4.304"/>
  <testcase classname="org.tes.PriorityChallenge" name="tc3" time="4.422"/>
  <testcase classname="org.tes.PriorityChallenge" name="tc7" time="1.567"/>
  <testcase classname="org.tes.PriorityChallenge" name="tc6" time="0.722"/>
  <testcase classname="org.tes.PriorityChallenge" name="tc4" time="1.435"/>
  <testcase classname="org.tes.PriorityChallenge" name="tc1" time="2.427"/>
  <testcase classname="org.tes.B" name="tc11" time="0.0"/>
  <testcase classname="org.tes.B" name="tc22" time="0.0"/>
  <testcase classname="org.tes.B" name="tc33" time="0.001"/>
  <testcase classname="org.tes.A" name="tc44" time="0.0"/>
</testsuite> <!-- Test -->
