<?xml version="1.0" encoding="UTF-8"?>
<testng-results ignored="0" total="11" passed="11" failed="0" skipped="0">
  <reporter-output>
  </reporter-output>
  <suite started-at="2023-04-03T15:53:43 IST" name="Suite" finished-at="2023-04-03T15:54:02 IST" duration-ms="18389">
    <groups>
    </groups>
    <test started-at="2023-04-03T15:53:43 IST" name="Test" finished-at="2023-04-03T15:54:02 IST" duration-ms="18389">
      <class name="org.tes.B">
        <test-method signature="tc11()[pri:0, instance:org.tes.B@58695725]" started-at="2023-04-03T15:54:02 IST" name="tc11" finished-at="2023-04-03T15:54:02 IST" duration-ms="0" status="PASS">
          <reporter-output>
          </reporter-output>
        </test-method> <!-- tc11 -->
        <test-method signature="tc22()[pri:0, instance:org.tes.B@58695725]" started-at="2023-04-03T15:54:02 IST" name="tc22" finished-at="2023-04-03T15:54:02 IST" duration-ms="0" status="PASS">
          <reporter-output>
          </reporter-output>
        </test-method> <!-- tc22 -->
        <test-method signature="tc33()[pri:0, instance:org.tes.B@58695725]" started-at="2023-04-03T15:54:02 IST" name="tc33" finished-at="2023-04-03T15:54:02 IST" duration-ms="1" status="PASS">
          <reporter-output>
          </reporter-output>
        </test-method> <!-- tc33 -->
      </class> <!-- org.tes.B -->
      <class name="org.tes.PriorityChallenge">
        <test-method is-config="true" signature="launchTheBrowser()[pri:0, instance:org.tes.PriorityChallenge@1a18644]" started-at="2023-04-03T15:53:43 IST" name="launchTheBrowser" finished-at="2023-04-03T15:53:45 IST" duration-ms="1061" status="PASS">
          <reporter-output>
          </reporter-output>
        </test-method> <!-- launchTheBrowser -->
        <test-method signature="tc2()[pri:-14, instance:org.tes.PriorityChallenge@1a18644]" started-at="2023-04-03T15:53:45 IST" name="tc2" finished-at="2023-04-03T15:53:47 IST" duration-ms="2411" status="PASS">
          <reporter-output>
          </reporter-output>
        </test-method> <!-- tc2 -->
        <test-method signature="tc5()[pri:-6, instance:org.tes.PriorityChallenge@1a18644]" started-at="2023-04-03T15:53:47 IST" name="tc5" finished-at="2023-04-03T15:53:51 IST" duration-ms="4304" status="PASS">
          <reporter-output>
          </reporter-output>
        </test-method> <!-- tc5 -->
        <test-method signature="tc3()[pri:0, instance:org.tes.PriorityChallenge@1a18644]" started-at="2023-04-03T15:53:51 IST" name="tc3" finished-at="2023-04-03T15:53:56 IST" duration-ms="4422" status="PASS">
          <reporter-output>
          </reporter-output>
        </test-method> <!-- tc3 -->
        <test-method signature="tc7()[pri:1, instance:org.tes.PriorityChallenge@1a18644]" started-at="2023-04-03T15:53:56 IST" name="tc7" finished-at="2023-04-03T15:53:57 IST" duration-ms="1567" status="PASS">
          <reporter-output>
          </reporter-output>
        </test-method> <!-- tc7 -->
        <test-method signature="tc6()[pri:2, instance:org.tes.PriorityChallenge@1a18644]" started-at="2023-04-03T15:53:57 IST" name="tc6" finished-at="2023-04-03T15:53:58 IST" duration-ms="722" status="PASS">
          <reporter-output>
          </reporter-output>
        </test-method> <!-- tc6 -->
        <test-method signature="tc4()[pri:4, instance:org.tes.PriorityChallenge@1a18644]" started-at="2023-04-03T15:53:58 IST" name="tc4" finished-at="2023-04-03T15:53:59 IST" duration-ms="1435" status="PASS">
          <reporter-output>
          </reporter-output>
        </test-method> <!-- tc4 -->
        <test-method signature="tc1()[pri:12, instance:org.tes.PriorityChallenge@1a18644]" started-at="2023-04-03T15:53:59 IST" name="tc1" finished-at="2023-04-03T15:54:02 IST" duration-ms="2427" status="PASS">
          <reporter-output>
          </reporter-output>
        </test-method> <!-- tc1 -->
      </class> <!-- org.tes.PriorityChallenge -->
      <class name="org.tes.A">
        <test-method signature="tc44()[pri:0, instance:org.tes.A@543588e6]" started-at="2023-04-03T15:54:02 IST" name="tc44" finished-at="2023-04-03T15:54:02 IST" duration-ms="0" status="PASS">
          <reporter-output>
          </reporter-output>
        </test-method> <!-- tc44 -->
      </class> <!-- org.tes.A -->
    </test> <!-- Test -->
  </suite> <!-- Suite -->
</testng-results>
